<?xml version="1.0" encoding="UTF-8"?>
<!-- Generated by org.testng.reporters.JUnitReportReporter -->
<testsuite hostname="DESKTOP-V8RU3E0" name="org.ngtest.NgTestClass" tests="3" failures="0" timestamp="21 Jul 2021 13:30:47 GMT" time="0.016" errors="0">
  <testcase name="test" time="0.004" classname="org.ngtest.NgTestClass"/>
  <testcase name="test" time="0.002" classname="org.ngtest.NgTestClass"/>
  <testcase name="test" time="0.010" classname="org.ngtest.NgTestClass"/>
</testsuite> <!-- org.ngtest.NgTestClass -->
