<?xml version="1.0" encoding="UTF-8"?>
<!-- Generated by org.testng.reporters.JUnitReportReporter -->
<testsuite hostname="DESKTOP-V8RU3E0" name="org.ngtest.NgTestClass2" tests="3" failures="0" timestamp="23 Jul 2021 04:41:13 GMT" time="0.033" errors="0">
  <testcase name="test" time="0.015" classname="org.ngtest.NgTestClass2"/>
  <testcase name="test" time="0.000" classname="org.ngtest.NgTestClass2"/>
  <testcase name="test" time="0.018" classname="org.ngtest.NgTestClass2"/>
</testsuite> <!-- org.ngtest.NgTestClass2 -->
