<?xml version="1.0" encoding="UTF-8"?>
<!-- Generated by org.testng.reporters.JUnitReportReporter -->
<testsuite hostname="DESKTOP-V8RU3E0" name="org.bookinfo.BookInfo" tests="6" failures="0" timestamp="23 Jul 2021 14:07:38 GMT" time="20.693" errors="0">
  <testcase name="test1" time="10.199" classname="org.bookinfo.BookInfo"/>
  <testcase name="test6" time="0.207" classname="org.bookinfo.BookInfo"/>
  <testcase name="test3" time="0.865" classname="org.bookinfo.BookInfo"/>
  <testcase name="test4" time="1.217" classname="org.bookinfo.BookInfo"/>
  <testcase name="test5" time="6.534" classname="org.bookinfo.BookInfo"/>
  <testcase name="test2" time="1.671" classname="org.bookinfo.BookInfo"/>
</testsuite> <!-- org.bookinfo.BookInfo -->
